^ 1034 : 6 3.2934 329.875 3.2934 (2019 - )
^ 1098 : 3 3.4591 164.9375 3.4591 (2019 - 2021)
^ 1229 : 6 3.9022 219.91666666666666 3.9022 (2019 - )
^ 1517 : 3 2.813 527.8 2.813 (2019 - 2021)
^ 1567 : 4 3.4369 439.8333333333333 3.4369 (2021 - )
^ 1692 : 4 4.0108 377.0 4.0108 (2021 - )
^ 2060 : 6 4.8429 105.56 4.8429 (2019 - )
^ 2070 : 2 3.5872 439.8333333333333 3.5872 (2020 - 2021)
^ 2140 : 3 2.8737 203.0 2.8737 (2018 - 2020)
^ 2648 : 2 3.4236 263.9 3.4236 (2019 - 2020)
^ 2729 : 5 3.5229 155.23529411764707 3.5229 (2020 - )
^ 2829 : 3 5.7693 64.36585365853658 5.7693 (2019 - 2021)
^ 2883 : 5 2.666 527.8 2.666 (2020 - )
^ 2995 : 2 3.5872 439.8333333333333 3.5872 (2020 - 2021)
^ 3030 : 2 4.1921 293.22222222222223 4.1921 (2019 - 2020)
^ 3085 : 2 3.9714 219.91666666666666 3.9714 (2019 - 2020)
^ 3498 : 2 2.893 439.8333333333333 2.893 (2020 - 2021)
^ 3576 : 4 2.8633 527.8 2.8633 (2021 - )
^ 3592 : 3 5.069 293.22222222222223 5.069 (2019 - 2021)
^ 3704 : 4 2.8633 527.8 2.8633 (2021 - )
^ 3719 : 4 2.8633 527.8 2.8633 (2021 - )
^ 3790 : 3 3.8099 329.875 3.8099 (2019 - 2021)
^ 3875 : 3 2.5515 377.0 2.5515 (2019 - 2021)
^ 392 : 4 3.6493 263.9 3.6493 (2021 - )
^ 413 : 5 3.8984 138.89473684210526 3.8984 (2020 - )
^ 779 : 5 3.0399 377.0 3.0399 (2020 - )
